<?xml version="1.0" encoding="UTF-8"?>
<!-- Generated by org.testng.reporters.JUnitReportReporter -->
<testsuite hostname="DESKTOP-7RMQ0BN" failures="0" tests="1" name="testCases.TC_LF_002_LoginTest" time="2.511" errors="0" timestamp="2025-06-06T09:24:13 IST" skipped="0">
  <testcase classname="testCases.TC_LF_002_LoginTest" name="testLogin" time="2.511"/>
</testsuite> <!-- testCases.TC_LF_002_LoginTest -->
