<?xml version="1.0" encoding="UTF-8"?>
<!-- Generated by org.testng.reporters.JUnitReportReporter -->
<testsuite hostname="DESKTOP-7RMQ0BN" failures="0" tests="1" name="testCases.TC_RF_001_AccountRegistration" time="3.814" errors="0" timestamp="2025-06-06T10:28:06 IST" skipped="0">
  <testcase classname="testCases.TC_RF_001_AccountRegistration" name="testAccountRegistration" time="3.814"/>
</testsuite> <!-- testCases.TC_RF_001_AccountRegistration -->
